# JRE version: OpenJDK Runtime Environment (8.0_152-b06) (build 1.8.0_152-release-1136-b06)
# Java VM: OpenJDK 64-Bit Server VM (25.152-b06 mixed mode windows-amd64 compressed oops)
Heap:
 PSYoungGen      total 192512K, used 70054K [0x00000000e0000000, 0x00000000f0c80000, 0x0000000100000000)
  eden space 177152K, 30% used [0x00000000e0000000,0x00000000e356e500,0x00000000ead00000)
  from space 15360K, 99% used [0x00000000ead00000,0x00000000ebbfb510,0x00000000ebc00000)
  to   space 24064K, 35% used [0x00000000ef500000,0x00000000efd60230,0x00000000f0c80000)
 ParOldGen       total 1048576K, used 46377K [0x00000000a0000000, 0x00000000e0000000, 0x00000000e0000000)
  object space 1048576K, 4% used [0x00000000a0000000,0x00000000a2d4a798,0x00000000e0000000)
 Metaspace       used 57394K, capacity 58964K, committed 59028K, reserved 1099776K
  class space    used 7761K, capacity 8165K, committed 8192K, reserved 1048576K
GC Heap History (10 events):
Event: 29.643 GC heap after
Heap after GC invocations=7 (full 1):
 PSYoungGen      total 117248K, used 7155K [0x00000000e0000000, 0x00000000e9300000, 0x0000000100000000)
  eden space 110080K, 0% used [0x00000000e0000000,0x00000000e0000000,0x00000000e6b80000)
  from space 7168K, 99% used [0x00000000e8c00000,0x00000000e92fcfa0,0x00000000e9300000)
  to   space 9728K, 0% used [0x00000000e8000000,0x00000000e8000000,0x00000000e8980000)
 ParOldGen       total 59904K, used 9448K [0x00000000a0000000, 0x00000000a3a80000, 0x00000000e0000000)
  object space 59904K, 15% used [0x00000000a0000000,0x00000000a093a0a0,0x00000000a3a80000)
 Metaspace       used 26689K, capacity 27126K, committed 27392K, reserved 1073152K
  class space    used 3672K, capacity 3829K, committed 3840K, reserved 1048576K
}
Event: 39.104 GC heap before
{Heap before GC invocations=8 (full 1):
 PSYoungGen      total 117248K, used 102080K [0x00000000e0000000, 0x00000000e9300000, 0x0000000100000000)
  eden space 110080K, 86% used [0x00000000e0000000,0x00000000e5cb3200,0x00000000e6b80000)
  from space 7168K, 99% used [0x00000000e8c00000,0x00000000e92fcfa0,0x00000000e9300000)
  to   space 9728K, 0% used [0x00000000e8000000,0x00000000e8000000,0x00000000e8980000)
 ParOldGen       total 59904K, used 9448K [0x00000000a0000000, 0x00000000a3a80000, 0x00000000e0000000)
  object space 59904K, 15% used [0x00000000a0000000,0x00000000a093a0a0,0x00000000a3a80000)
 Metaspace       used 34752K, capacity 35312K, committed 35416K, reserved 1079296K
  class space    used 4812K, capacity 5028K, committed 5120K, reserved 1048576K
Event: 39.539 GC heap after
Heap after GC invocations=8 (full 1):
 PSYoungGen      total 140800K, used 9718K [0x00000000e0000000, 0x00000000ec880000, 0x0000000100000000)
  eden space 131072K, 0% used [0x00000000e0000000,0x00000000e0000000,0x00000000e8000000)
  from space 9728K, 99% used [0x00000000e8000000,0x00000000e897d8a0,0x00000000e8980000)
  to   space 12800K, 0% used [0x00000000ebc00000,0x00000000ebc00000,0x00000000ec880000)
 ParOldGen       total 59904K, used 12459K [0x00000000a0000000, 0x00000000a3a80000, 0x00000000e0000000)
  object space 59904K, 20% used [0x00000000a0000000,0x00000000a0c2ae88,0x00000000a3a80000)
 Metaspace       used 34752K, capacity 35312K, committed 35416K, reserved 1079296K
  class space    used 4812K, capacity 5028K, committed 5120K, reserved 1048576K
}
Event: 39.539 GC heap before
{Heap before GC invocations=9 (full 2):
 PSYoungGen      total 140800K, used 9718K [0x00000000e0000000, 0x00000000ec880000, 0x0000000100000000)
  eden space 131072K, 0% used [0x00000000e0000000,0x00000000e0000000,0x00000000e8000000)
  from space 9728K, 99% used [0x00000000e8000000,0x00000000e897d8a0,0x00000000e8980000)
  to   space 12800K, 0% used [0x00000000ebc00000,0x00000000ebc00000,0x00000000ec880000)
 ParOldGen       total 59904K, used 12459K [0x00000000a0000000, 0x00000000a3a80000, 0x00000000e0000000)
  object space 59904K, 20% used [0x00000000a0000000,0x00000000a0c2ae88,0x00000000a3a80000)
 Metaspace       used 34752K, capacity 35312K, committed 35416K, reserved 1079296K
  class space    used 4812K, capacity 5028K, committed 5120K, reserved 1048576K
Event: 40.524 GC heap after
Heap after GC invocations=9 (full 2):
 PSYoungGen      total 140800K, used 0K [0x00000000e0000000, 0x00000000ec880000, 0x0000000100000000)
  eden space 131072K, 0% used [0x00000000e0000000,0x00000000e0000000,0x00000000e8000000)
  from space 9728K, 0% used [0x00000000e8000000,0x00000000e8000000,0x00000000e8980000)
  to   space 12800K, 0% used [0x00000000ebc00000,0x00000000ebc00000,0x00000000ec880000)
 ParOldGen       total 89600K, used 18920K [0x00000000a0000000, 0x00000000a5780000, 0x00000000e0000000)
  object space 89600K, 21% used [0x00000000a0000000,0x00000000a127a138,0x00000000a5780000)
 Metaspace       used 34752K, capacity 35312K, committed 35416K, reserved 1079296K
  class space    used 4812K, capacity 5028K, committed 5120K, reserved 1048576K
}
Event: 50.694 GC heap before
{Heap before GC invocations=10 (full 2):
 PSYoungGen      total 140800K, used 131072K [0x00000000e0000000, 0x00000000ec880000, 0x0000000100000000)
  eden space 131072K, 100% used [0x00000000e0000000,0x00000000e8000000,0x00000000e8000000)
  from space 9728K, 0% used [0x00000000e8000000,0x00000000e8000000,0x00000000e8980000)
  to   space 12800K, 0% used [0x00000000ebc00000,0x00000000ebc00000,0x00000000ec880000)
 ParOldGen       total 89600K, used 18920K [0x00000000a0000000, 0x00000000a5780000, 0x00000000e0000000)
  object space 89600K, 21% used [0x00000000a0000000,0x00000000a127a138,0x00000000a5780000)
 Metaspace       used 42915K, capacity 43660K, committed 44032K, reserved 1087488K
  class space    used 5811K, capacity 6067K, committed 6144K, reserved 1048576K
Event: 50.881 GC heap after
Heap after GC invocations=10 (full 2):
 PSYoungGen      total 189952K, used 12783K [0x00000000e0000000, 0x00000000ee180000, 0x0000000100000000)
  eden space 177152K, 0% used [0x00000000e0000000,0x00000000e0000000,0x00000000ead00000)
  from space 12800K, 99% used [0x00000000ebc00000,0x00000000ec87bc68,0x00000000ec880000)
  to   space 15360K, 0% used [0x00000000ead00000,0x00000000ead00000,0x00000000ebc00000)
 ParOldGen       total 89600K, used 21458K [0x00000000a0000000, 0x00000000a5780000, 0x00000000e0000000)
  object space 89600K, 23% used [0x00000000a0000000,0x00000000a14f4ac0,0x00000000a5780000)
 Metaspace       used 42915K, capacity 43660K, committed 44032K, reserved 1087488K
  class space    used 5811K, capacity 6067K, committed 6144K, reserved 1048576K
}
Event: 80.220 GC heap before
{Heap before GC invocations=11 (full 2):
 PSYoungGen      total 189952K, used 189935K [0x00000000e0000000, 0x00000000ee180000, 0x0000000100000000)
  eden space 177152K, 100% used [0x00000000e0000000,0x00000000ead00000,0x00000000ead00000)
  from space 12800K, 99% used [0x00000000ebc00000,0x00000000ec87bc68,0x00000000ec880000)
  to   space 15360K, 0% used [0x00000000ead00000,0x00000000ead00000,0x00000000ebc00000)
 ParOldGen       total 89600K, used 21458K [0x00000000a0000000, 0x00000000a5780000, 0x00000000e0000000)
  object space 89600K, 23% used [0x00000000a0000000,0x00000000a14f4ac0,0x00000000a5780000)
 Metaspace       used 56094K, capacity 57662K, committed 57728K, reserved 1099776K
  class space    used 7636K, capacity 8020K, committed 8064K, reserved 1048576K
Event: 80.423 GC heap after
Heap after GC invocations=11 (full 2):
 PSYoungGen      total 192512K, used 15341K [0x00000000e0000000, 0x00000000f0c80000, 0x0000000100000000)
  eden space 177152K, 0% used [0x00000000e0000000,0x00000000e0000000,0x00000000ead00000)
  from space 15360K, 99% used [0x00000000ead00000,0x00000000ebbfb510,0x00000000ebc00000)
  to   space 24064K, 0% used [0x00000000ef500000,0x00000000ef500000,0x00000000f0c80000)
 ParOldGen       total 89600K, used 37797K [0x00000000a0000000, 0x00000000a5780000, 0x00000000e0000000)
  object space 89600K, 42% used [0x00000000a0000000,0x00000000a24e9610,0x00000000a5780000)
 Metaspace       used 56094K, capacity 57662K, committed 57728K, reserved 1099776K
  class space    used 7636K, capacity 8020K, committed 8064K, reserved 1048576K
}
Event: 92.165 GC heap before
{Heap before GC invocations=12 (full 2):
 PSYoungGen      total 192512K, used 70054K [0x00000000e0000000, 0x00000000f0c80000, 0x0000000100000000)
  eden space 177152K, 30% used [0x00000000e0000000,0x00000000e356e500,0x00000000ead00000)
  from space 15360K, 99% used [0x00000000ead00000,0x00000000ebbfb510,0x00000000ebc00000)
  to   space 24064K, 0% used [0x00000000ef500000,0x00000000ef500000,0x00000000f0c80000)
 ParOldGen       total 89600K, used 37797K [0x00000000a0000000, 0x00000000a5780000, 0x00000000e0000000)
  object space 89600K, 42% used [0x00000000a0000000,0x00000000a24e9610,0x00000000a5780000)
 Metaspace       used 57394K, capacity 58964K, committed 59028K, reserved 1099776K
  class space    used 7761K, capacity 8165K, committed 8192K, reserved 1048576K

