# JRE version: OpenJDK Runtime Environment (8.0_152-b06) (build 1.8.0_152-release-1136-b06)
# Java VM: OpenJDK 64-Bit Server VM (25.152-b06 mixed mode windows-amd64 compressed oops)
Heap:
 PSYoungGen      total 459264K, used 29763K [0x00000000e0000000, 0x0000000100000000, 0x0000000100000000)
  eden space 429056K, 0% used [0x00000000e0000000,0x00000000e0000000,0x00000000fa300000)
  from space 30208K, 98% used [0x00000000fa300000,0x00000000fc010cb8,0x00000000fc080000)
  to   space 48640K, 0% used [0x00000000fd080000,0x00000000fd080000,0x0000000100000000)
 ParOldGen       total 114688K, used 101779K [0x00000000a0000000, 0x00000000a7000000, 0x00000000e0000000)
  object space 114688K, 88% used [0x00000000a0000000,0x00000000a6364d70,0x00000000a7000000)
 Metaspace       used 85361K, capacity 88630K, committed 88920K, reserved 1126400K
  class space    used 11050K, capacity 11779K, committed 11904K, reserved 1048576K
GC Heap History (10 events):
Event: 83.243 GC heap after
Heap after GC invocations=10 (full 2):
 PSYoungGen      total 388608K, used 15903K [0x00000000e0000000, 0x00000000fa380000, 0x0000000100000000)
  eden space 365056K, 0% used [0x00000000e0000000,0x00000000e0000000,0x00000000f6480000)
  from space 23552K, 67% used [0x00000000f7c00000,0x00000000f8b87cf8,0x00000000f9300000)
  to   space 24064K, 0% used [0x00000000f6480000,0x00000000f6480000,0x00000000f7c00000)
 ParOldGen       total 90624K, used 35910K [0x00000000a0000000, 0x00000000a5880000, 0x00000000e0000000)
  object space 90624K, 39% used [0x00000000a0000000,0x00000000a2311880,0x00000000a5880000)
 Metaspace       used 57195K, capacity 58890K, committed 59028K, reserved 1099776K
  class space    used 7739K, capacity 8173K, committed 8192K, reserved 1048576K
}
Event: 83.243 GC heap before
{Heap before GC invocations=11 (full 3):
 PSYoungGen      total 388608K, used 15903K [0x00000000e0000000, 0x00000000fa380000, 0x0000000100000000)
  eden space 365056K, 0% used [0x00000000e0000000,0x00000000e0000000,0x00000000f6480000)
  from space 23552K, 67% used [0x00000000f7c00000,0x00000000f8b87cf8,0x00000000f9300000)
  to   space 24064K, 0% used [0x00000000f6480000,0x00000000f6480000,0x00000000f7c00000)
 ParOldGen       total 90624K, used 35910K [0x00000000a0000000, 0x00000000a5880000, 0x00000000e0000000)
  object space 90624K, 39% used [0x00000000a0000000,0x00000000a2311880,0x00000000a5880000)
 Metaspace       used 57195K, capacity 58890K, committed 59028K, reserved 1099776K
  class space    used 7739K, capacity 8173K, committed 8192K, reserved 1048576K
Event: 84.465 GC heap after
Heap after GC invocations=11 (full 3):
 PSYoungGen      total 388608K, used 0K [0x00000000e0000000, 0x00000000fa380000, 0x0000000100000000)
  eden space 365056K, 0% used [0x00000000e0000000,0x00000000e0000000,0x00000000f6480000)
  from space 23552K, 0% used [0x00000000f7c00000,0x00000000f7c00000,0x00000000f9300000)
  to   space 24064K, 0% used [0x00000000f6480000,0x00000000f6480000,0x00000000f7c00000)
 ParOldGen       total 114688K, used 31183K [0x00000000a0000000, 0x00000000a7000000, 0x00000000e0000000)
  object space 114688K, 27% used [0x00000000a0000000,0x00000000a1e73c68,0x00000000a7000000)
 Metaspace       used 57195K, capacity 58890K, committed 59028K, reserved 1099776K
  class space    used 7739K, capacity 8173K, committed 8192K, reserved 1048576K
}
Event: 181.781 GC heap before
{Heap before GC invocations=12 (full 3):
 PSYoungGen      total 388608K, used 365056K [0x00000000e0000000, 0x00000000fa380000, 0x0000000100000000)
  eden space 365056K, 100% used [0x00000000e0000000,0x00000000f6480000,0x00000000f6480000)
  from space 23552K, 0% used [0x00000000f7c00000,0x00000000f7c00000,0x00000000f9300000)
  to   space 24064K, 0% used [0x00000000f6480000,0x00000000f6480000,0x00000000f7c00000)
 ParOldGen       total 114688K, used 31183K [0x00000000a0000000, 0x00000000a7000000, 0x00000000e0000000)
  object space 114688K, 27% used [0x00000000a0000000,0x00000000a1e73c68,0x00000000a7000000)
 Metaspace       used 67335K, capacity 69594K, committed 69976K, reserved 1110016K
  class space    used 8908K, capacity 9477K, committed 9600K, reserved 1048576K
Event: 182.290 GC heap after
Heap after GC invocations=12 (full 3):
 PSYoungGen      total 389120K, used 24046K [0x00000000e0000000, 0x0000000100000000, 0x0000000100000000)
  eden space 365056K, 0% used [0x00000000e0000000,0x00000000e0000000,0x00000000f6480000)
  from space 24064K, 99% used [0x00000000f6480000,0x00000000f7bfb9e0,0x00000000f7c00000)
  to   space 30208K, 0% used [0x00000000fe280000,0x00000000fe280000,0x0000000100000000)
 ParOldGen       total 114688K, used 37214K [0x00000000a0000000, 0x00000000a7000000, 0x00000000e0000000)
  object space 114688K, 32% used [0x00000000a0000000,0x00000000a2457870,0x00000000a7000000)
 Metaspace       used 67335K, capacity 69594K, committed 69976K, reserved 1110016K
  class space    used 8908K, capacity 9477K, committed 9600K, reserved 1048576K
}
Event: 414.558 GC heap before
{Heap before GC invocations=13 (full 3):
 PSYoungGen      total 389120K, used 389102K [0x00000000e0000000, 0x0000000100000000, 0x0000000100000000)
  eden space 365056K, 100% used [0x00000000e0000000,0x00000000f6480000,0x00000000f6480000)
  from space 24064K, 99% used [0x00000000f6480000,0x00000000f7bfb9e0,0x00000000f7c00000)
  to   space 30208K, 0% used [0x00000000fe280000,0x00000000fe280000,0x0000000100000000)
 ParOldGen       total 114688K, used 37214K [0x00000000a0000000, 0x00000000a7000000, 0x00000000e0000000)
  object space 114688K, 32% used [0x00000000a0000000,0x00000000a2457870,0x00000000a7000000)
 Metaspace       used 82955K, capacity 86096K, committed 86232K, reserved 1124352K
  class space    used 10796K, capacity 11484K, committed 11520K, reserved 1048576K
Event: 415.175 GC heap after
Heap after GC invocations=13 (full 3):
 PSYoungGen      total 459264K, used 30179K [0x00000000e0000000, 0x0000000100000000, 0x0000000100000000)
  eden space 429056K, 0% used [0x00000000e0000000,0x00000000e0000000,0x00000000fa300000)
  from space 30208K, 99% used [0x00000000fe280000,0x00000000ffff8db8,0x0000000100000000)
  to   space 47616K, 0% used [0x00000000fa300000,0x00000000fa300000,0x00000000fd180000)
 ParOldGen       total 114688K, used 71825K [0x00000000a0000000, 0x00000000a7000000, 0x00000000e0000000)
  object space 114688K, 62% used [0x00000000a0000000,0x00000000a46247d0,0x00000000a7000000)
 Metaspace       used 82955K, capacity 86096K, committed 86232K, reserved 1124352K
  class space    used 10796K, capacity 11484K, committed 11520K, reserved 1048576K
}
Event: 435.285 GC heap before
{Heap before GC invocations=14 (full 3):
 PSYoungGen      total 459264K, used 459068K [0x00000000e0000000, 0x0000000100000000, 0x0000000100000000)
  eden space 429056K, 99% used [0x00000000e0000000,0x00000000fa2d6538,0x00000000fa300000)
  from space 30208K, 99% used [0x00000000fe280000,0x00000000ffff8db8,0x0000000100000000)
  to   space 47616K, 0% used [0x00000000fa300000,0x00000000fa300000,0x00000000fd180000)
 ParOldGen       total 114688K, used 71825K [0x00000000a0000000, 0x00000000a7000000, 0x00000000e0000000)
  object space 114688K, 62% used [0x00000000a0000000,0x00000000a46247d0,0x00000000a7000000)
 Metaspace       used 85361K, capacity 88630K, committed 88920K, reserved 1126400K
  class space    used 11050K, capacity 11779K, committed 11904K, reserved 1048576K
Event: 435.831 GC heap after
Heap after GC invocations=14 (full 3):
 PSYoungGen      total 459264K, used 29763K [0x00000000e0000000, 0x0000000100000000, 0x0000000100000000)
  eden space 429056K, 0% used [0x00000000e0000000,0x00000000e0000000,0x00000000fa300000)
  from space 30208K, 98% used [0x00000000fa300000,0x00000000fc010cb8,0x00000000fc080000)
  to   space 48640K, 0% used [0x00000000fd080000,0x00000000fd080000,0x0000000100000000)
 ParOldGen       total 114688K, used 101779K [0x00000000a0000000, 0x00000000a7000000, 0x00000000e0000000)
  object space 114688K, 88% used [0x00000000a0000000,0x00000000a6364d70,0x00000000a7000000)
 Metaspace       used 85361K, capacity 88630K, committed 88920K, reserved 1126400K
  class space    used 11050K, capacity 11779K, committed 11904K, reserved 1048576K
}
Event: 435.831 GC heap before
{Heap before GC invocations=15 (full 4):
 PSYoungGen      total 459264K, used 29763K [0x00000000e0000000, 0x0000000100000000, 0x0000000100000000)
  eden space 429056K, 0% used [0x00000000e0000000,0x00000000e0000000,0x00000000fa300000)
  from space 30208K, 98% used [0x00000000fa300000,0x00000000fc010cb8,0x00000000fc080000)
  to   space 48640K, 0% used [0x00000000fd080000,0x00000000fd080000,0x0000000100000000)
 ParOldGen       total 114688K, used 101779K [0x00000000a0000000, 0x00000000a7000000, 0x00000000e0000000)
  object space 114688K, 88% used [0x00000000a0000000,0x00000000a6364d70,0x00000000a7000000)
 Metaspace       used 85361K, capacity 88630K, committed 88920K, reserved 1126400K
  class space    used 11050K, capacity 11779K, committed 11904K, reserved 1048576K

